<?xml version="1.0" encoding="UTF-8"?>
<!-- Generated by org.testng.reporters.JUnitXMLReporter -->
<testsuite ignored="2" hostname="DESKTOP-17VR5QN" failures="0" tests="1" name="Test" time="0.101" errors="0" timestamp="2024-12-02T15:57:52 IST">
  <testcase classname="demong.First" name="m2" time="0.028"/>
  <testcase classname="demong.First" name="m1" time="0.0">
    <ignored/>
  </testcase> <!-- m1 -->
  <testcase classname="demong.First" name="m3" time="0.0">
    <ignored/>
  </testcase> <!-- m3 -->
</testsuite> <!-- Test -->
