<?xml version="1.0" encoding="UTF-8"?>
<testng-results ignored="0" total="1" passed="1" failed="0" skipped="0">
  <reporter-output>
  </reporter-output>
  <suite started-at="2024-12-02T19:36:17 IST" name="Default suite" finished-at="2024-12-02T19:36:33 IST" duration-ms="16593">
    <groups>
    </groups>
    <test started-at="2024-12-02T19:36:17 IST" name="Default test" finished-at="2024-12-02T19:36:33 IST" duration-ms="16593">
      <class name="demong.CapturesScreenshot">
        <test-method signature="screenshot()[pri:0, instance:demong.CapturesScreenshot@35cabb2a]" started-at="2024-12-02T19:36:17 IST" name="screenshot" finished-at="2024-12-02T19:36:33 IST" duration-ms="16521" status="PASS">
          <reporter-output>
          </reporter-output>
        </test-method> <!-- screenshot -->
      </class> <!-- demong.CapturesScreenshot -->
    </test> <!-- Default test -->
  </suite> <!-- Default suite -->
</testng-results>
